2022-07-11 18:55:13,239 [33] INFO  Photon.Common.LoadBalancer.LoadShedding.FeedbackController - Transit CpuUsage from Lowest to Level1 with input 11
2022-07-11 18:55:13,266 [33] INFO  Photon.Common.LoadBalancer.LoadShedding.WorkloadController - FeedbackLevel changed: old=Lowest, new=Level1
2022-07-11 18:55:36,560 [24] INFO  Photon.Common.LoadBalancer.LoadShedding.FeedbackController - Transit CpuUsage from Level1 to Level2 with input 21
2022-07-11 18:55:36,560 [24] INFO  Photon.Common.LoadBalancer.LoadShedding.WorkloadController - FeedbackLevel changed: old=Level1, new=Level2
2022-07-11 18:56:49,432 [37] INFO  Photon.Common.LoadBalancer.LoadShedding.FeedbackController - Transit CpuUsage from Level2 to Level1 with input 18
2022-07-11 18:56:49,433 [37] INFO  Photon.Common.LoadBalancer.LoadShedding.WorkloadController - FeedbackLevel changed: old=Level2, new=Level1
2022-07-11 18:57:11,642 [31] INFO  Photon.Common.LoadBalancer.LoadShedding.FeedbackController - Transit CpuUsage from Level1 to Lowest with input 8
2022-07-11 18:57:11,642 [31] INFO  Photon.Common.LoadBalancer.LoadShedding.WorkloadController - FeedbackLevel changed: old=Level1, new=Lowest
2022-07-11 19:01:15,091 [38] INFO  Photon.Common.LoadBalancer.LoadShedding.FeedbackController - Transit CpuUsage from Lowest to Level1 with input 11
2022-07-11 19:01:15,091 [38] INFO  Photon.Common.LoadBalancer.LoadShedding.WorkloadController - FeedbackLevel changed: old=Lowest, new=Level1
2022-07-11 19:04:29,124 [25] INFO  Photon.Common.LoadBalancer.LoadShedding.FeedbackController - Transit CpuUsage from Level1 to Lowest with input 8
2022-07-11 19:04:29,125 [25] INFO  Photon.Common.LoadBalancer.LoadShedding.WorkloadController - FeedbackLevel changed: old=Level1, new=Lowest
2022-07-11 19:09:32,200 [22] INFO  Photon.Common.LoadBalancer.LoadShedding.FeedbackController - Transit CpuUsage from Lowest to Level1 with input 11
2022-07-11 19:09:32,201 [22] INFO  Photon.Common.LoadBalancer.LoadShedding.WorkloadController - FeedbackLevel changed: old=Lowest, new=Level1
2022-07-11 19:11:32,411 [26] INFO  Photon.Common.LoadBalancer.LoadShedding.FeedbackController - Transit CpuUsage from Level1 to Lowest with input 8
2022-07-11 19:11:32,412 [26] INFO  Photon.Common.LoadBalancer.LoadShedding.WorkloadController - FeedbackLevel changed: old=Level1, new=Lowest
2022-07-11 19:11:57,628 [38] INFO  Photon.Common.LoadBalancer.LoadShedding.FeedbackController - Transit CpuUsage from Lowest to Level1 with input 11
2022-07-11 19:11:57,629 [38] INFO  Photon.Common.LoadBalancer.LoadShedding.WorkloadController - FeedbackLevel changed: old=Lowest, new=Level1
2022-07-11 19:12:49,124 [31] INFO  Photon.Common.LoadBalancer.LoadShedding.FeedbackController - Transit CpuUsage from Level1 to Level2 with input 21
2022-07-11 19:12:49,125 [31] INFO  Photon.Common.LoadBalancer.LoadShedding.WorkloadController - FeedbackLevel changed: old=Level1, new=Level2
2022-07-11 19:13:43,703 [22] INFO  Photon.Common.LoadBalancer.LoadShedding.FeedbackController - Transit CpuUsage from Level2 to Level1 with input 18
2022-07-11 19:13:43,704 [22] INFO  Photon.Common.LoadBalancer.LoadShedding.WorkloadController - FeedbackLevel changed: old=Level2, new=Level1
2022-07-11 19:16:11,112 [33] INFO  Photon.Common.LoadBalancer.LoadShedding.FeedbackController - Transit CpuUsage from Level1 to Lowest with input 8
2022-07-11 19:16:11,112 [33] INFO  Photon.Common.LoadBalancer.LoadShedding.WorkloadController - FeedbackLevel changed: old=Level1, new=Lowest
2022-07-11 19:20:56,985 [24] INFO  Photon.Common.LoadBalancer.LoadShedding.FeedbackController - Transit CpuUsage from Lowest to Level1 with input 11
2022-07-11 19:20:56,986 [24] INFO  Photon.Common.LoadBalancer.LoadShedding.WorkloadController - FeedbackLevel changed: old=Lowest, new=Level1
2022-07-11 19:22:43,153 [22] INFO  Photon.Common.LoadBalancer.LoadShedding.FeedbackController - Transit CpuUsage from Level1 to Lowest with input 8
2022-07-11 19:22:43,153 [22] INFO  Photon.Common.LoadBalancer.LoadShedding.WorkloadController - FeedbackLevel changed: old=Level1, new=Lowest
2022-07-11 19:23:18,542 [38] INFO  Photon.Common.LoadBalancer.LoadShedding.FeedbackController - Transit CpuUsage from Lowest to Level1 with input 11
2022-07-11 19:23:18,543 [38] INFO  Photon.Common.LoadBalancer.LoadShedding.WorkloadController - FeedbackLevel changed: old=Lowest, new=Level1
2022-07-11 19:24:18,231 [28] INFO  Photon.Common.LoadBalancer.LoadShedding.FeedbackController - Transit CpuUsage from Level1 to Lowest with input 8
2022-07-11 19:24:18,232 [28] INFO  Photon.Common.LoadBalancer.LoadShedding.WorkloadController - FeedbackLevel changed: old=Level1, new=Lowest
2022-07-11 19:33:35,026 [26] INFO  Photon.Common.LoadBalancer.LoadShedding.FeedbackController - Transit CpuUsage from Lowest to Level1 with input 11
2022-07-11 19:33:35,027 [26] INFO  Photon.Common.LoadBalancer.LoadShedding.WorkloadController - FeedbackLevel changed: old=Lowest, new=Level1
2022-07-11 19:35:07,014 [30] INFO  Photon.Common.LoadBalancer.LoadShedding.FeedbackController - Transit CpuUsage from Level1 to Lowest with input 8
2022-07-11 19:35:07,015 [30] INFO  Photon.Common.LoadBalancer.LoadShedding.WorkloadController - FeedbackLevel changed: old=Level1, new=Lowest
2022-07-11 19:37:49,677 [31] INFO  Photon.Common.LoadBalancer.LoadShedding.FeedbackController - Transit CpuUsage from Lowest to Level1 with input 11
2022-07-11 19:37:49,678 [31] INFO  Photon.Common.LoadBalancer.LoadShedding.WorkloadController - FeedbackLevel changed: old=Lowest, new=Level1
2022-07-11 19:41:40,767 [24] INFO  Photon.Common.LoadBalancer.LoadShedding.FeedbackController - Transit CpuUsage from Level1 to Lowest with input 8
2022-07-11 19:41:40,768 [24] INFO  Photon.Common.LoadBalancer.LoadShedding.WorkloadController - FeedbackLevel changed: old=Level1, new=Lowest
2022-07-11 19:44:48,764 [38] INFO  Photon.Common.LoadBalancer.LoadShedding.FeedbackController - Transit CpuUsage from Lowest to Level1 with input 11
2022-07-11 19:44:48,765 [38] INFO  Photon.Common.LoadBalancer.LoadShedding.WorkloadController - FeedbackLevel changed: old=Lowest, new=Level1
2022-07-11 19:47:10,157 [37] INFO  Photon.Common.LoadBalancer.LoadShedding.FeedbackController - Transit CpuUsage from Level1 to Lowest with input 8
2022-07-11 19:47:10,157 [37] INFO  Photon.Common.LoadBalancer.LoadShedding.WorkloadController - FeedbackLevel changed: old=Level1, new=Lowest
2022-07-11 19:47:46,519 [38] INFO  Photon.Common.LoadBalancer.LoadShedding.FeedbackController - Transit CpuUsage from Lowest to Level1 with input 11
2022-07-11 19:47:46,520 [38] INFO  Photon.Common.LoadBalancer.LoadShedding.WorkloadController - FeedbackLevel changed: old=Lowest, new=Level1
2022-07-11 19:49:27,546 [22] INFO  Photon.Common.LoadBalancer.LoadShedding.FeedbackController - Transit CpuUsage from Level1 to Lowest with input 8
2022-07-11 19:49:27,547 [22] INFO  Photon.Common.LoadBalancer.LoadShedding.WorkloadController - FeedbackLevel changed: old=Level1, new=Lowest
2022-07-11 19:50:58,388 [33] INFO  Photon.Common.LoadBalancer.LoadShedding.FeedbackController - Transit CpuUsage from Lowest to Level1 with input 11
2022-07-11 19:50:58,389 [33] INFO  Photon.Common.LoadBalancer.LoadShedding.WorkloadController - FeedbackLevel changed: old=Lowest, new=Level1
2022-07-11 19:53:03,648 [38] INFO  Photon.Common.LoadBalancer.LoadShedding.FeedbackController - Transit CpuUsage from Level1 to Lowest with input 8
2022-07-11 19:53:03,648 [38] INFO  Photon.Common.LoadBalancer.LoadShedding.WorkloadController - FeedbackLevel changed: old=Level1, new=Lowest
2022-07-11 19:54:02,199 [38] INFO  Photon.Common.LoadBalancer.LoadShedding.FeedbackController - Transit CpuUsage from Lowest to Level1 with input 11
2022-07-11 19:54:02,199 [38] INFO  Photon.Common.LoadBalancer.LoadShedding.WorkloadController - FeedbackLevel changed: old=Lowest, new=Level1
2022-07-11 19:54:54,689 [33] INFO  Photon.Common.LoadBalancer.LoadShedding.FeedbackController - Transit CpuUsage from Level1 to Lowest with input 8
2022-07-11 19:54:54,689 [33] INFO  Photon.Common.LoadBalancer.LoadShedding.WorkloadController - FeedbackLevel changed: old=Level1, new=Lowest
