2022-07-11 16:58:55,128 [1] INFO  Photon.NameServer.PhotonApp - Initializing ...
2022-07-11 16:58:55,138 [1] INFO  Photon.NameServer.PhotonApp - ServicePointManager.DefaultConnectionLimit=2147483647
2022-07-11 16:58:55,146 [1] INFO  Photon.NameServer.PhotonApp - TokenCreator initialized with an expiration of 00:30:00
2022-07-11 16:58:55,819 [1] INFO  Photon.Common.Authentication.Diagnostic.CustomAuthResultCounters - Performance counters successfully initialized: instanceName=LoadBalancing_Custom
2022-07-11 16:58:55,930 [1] INFO  Photon.SocketServer.Diagnostics.HttpQueuePerformanceCounters - Performance counters successfully initialized: instanceName=_Total
2022-07-11 16:58:56,039 [1] INFO  Photon.SocketServer.Diagnostics.HttpQueuePerformanceCounters - Performance counters successfully initialized: instanceName=LoadBalancing_Custom
2022-07-11 16:58:56,150 [1] INFO  Photon.Common.Authentication.Diagnostic.CustomAuthResultCounters - Performance counters successfully initialized: instanceName=LoadBalancing_Facebook
2022-07-11 16:58:56,258 [1] INFO  Photon.SocketServer.Diagnostics.HttpQueuePerformanceCounters - Performance counters successfully initialized: instanceName=LoadBalancing_Facebook
2022-07-11 16:58:56,367 [1] INFO  Photon.Common.Authentication.Diagnostic.CustomAuthResultCounters - Performance counters successfully initialized: instanceName=LoadBalancing_Oculus
2022-07-11 16:58:56,476 [1] INFO  Photon.SocketServer.Diagnostics.HttpQueuePerformanceCounters - Performance counters successfully initialized: instanceName=LoadBalancing_Oculus
2022-07-11 16:58:56,584 [1] INFO  Photon.Common.Authentication.Diagnostic.CustomAuthResultCounters - Performance counters successfully initialized: instanceName=LoadBalancing_Steam
2022-07-11 16:58:56,692 [1] INFO  Photon.SocketServer.Diagnostics.HttpQueuePerformanceCounters - Performance counters successfully initialized: instanceName=LoadBalancing_Steam
2022-07-11 16:58:56,802 [1] INFO  Photon.Common.Authentication.Diagnostic.CustomAuthResultCounters - Performance counters successfully initialized: instanceName=LoadBalancing_Viveport
2022-07-11 16:58:56,912 [1] INFO  Photon.SocketServer.Diagnostics.HttpQueuePerformanceCounters - Performance counters successfully initialized: instanceName=LoadBalancing_Viveport
2022-07-11 16:58:57,020 [1] INFO  Photon.SocketServer.ApplicationBase - Application start: AppId=NameServer; AppPath=E:\andrea\UNI\MAGISTRALE\ANNO 1\OGD\Progetto\LetMeRIP\photon-server-sdk_v5-0-12-24499-rc1\deploy\NameServer, Type=Photon.NameServer.PhotonApp 
2022-07-11 16:58:57,020 [1] INFO  Photon.SocketServer.ApplicationBase - Using Server GC:True
2022-07-11 16:58:57,021 [1] INFO  Photon.SocketServer.ApplicationBase - Using GC LatencyMode:Interactive
2022-07-11 17:03:17,578 [37] WARN  Photon.NameServer.PhotonApp - Could not parse NameServer config. No changes are applied to the existing MasterServerDispatcher. Could not initialize Name Server list from configuration: Invalid configuration file E:\andrea\UNI\MAGISTRALE\ANNO 1\OGD\Progetto\LetMeRIP\photon-server-sdk_v5-0-12-24499-rc1\deploy\Nameserver.json. Error: Il processo non può accedere al file 'E:\andrea\UNI\MAGISTRALE\ANNO 1\OGD\Progetto\LetMeRIP\photon-server-sdk_v5-0-12-24499-rc1\deploy\Nameserver.json' perché è in uso da un altro processo.
2022-07-11 17:03:17,579 [39] WARN  Photon.NameServer.PhotonApp - Could not parse NameServer config. No changes are applied to the existing MasterServerDispatcher. Could not initialize Name Server list from configuration: Invalid configuration file E:\andrea\UNI\MAGISTRALE\ANNO 1\OGD\Progetto\LetMeRIP\photon-server-sdk_v5-0-12-24499-rc1\deploy\Nameserver.json. Error: Il processo non può accedere al file 'E:\andrea\UNI\MAGISTRALE\ANNO 1\OGD\Progetto\LetMeRIP\photon-server-sdk_v5-0-12-24499-rc1\deploy\Nameserver.json' perché è in uso da un altro processo.
2022-07-11 18:07:59,576 [1] INFO  Photon.NameServer.PhotonApp - Initializing ...
2022-07-11 18:07:59,602 [1] INFO  Photon.NameServer.PhotonApp - ServicePointManager.DefaultConnectionLimit=2147483647
2022-07-11 18:07:59,624 [1] INFO  Photon.NameServer.PhotonApp - TokenCreator initialized with an expiration of 00:30:00
2022-07-11 18:08:00,974 [1] INFO  Photon.Common.Authentication.Diagnostic.CustomAuthResultCounters - Performance counters successfully initialized: instanceName=LoadBalancing_Custom
2022-07-11 18:08:01,091 [1] INFO  Photon.SocketServer.Diagnostics.HttpQueuePerformanceCounters - Performance counters successfully initialized: instanceName=_Total
2022-07-11 18:08:01,206 [1] INFO  Photon.SocketServer.Diagnostics.HttpQueuePerformanceCounters - Performance counters successfully initialized: instanceName=LoadBalancing_Custom
2022-07-11 18:08:01,325 [1] INFO  Photon.Common.Authentication.Diagnostic.CustomAuthResultCounters - Performance counters successfully initialized: instanceName=LoadBalancing_Facebook
2022-07-11 18:08:01,437 [1] INFO  Photon.SocketServer.Diagnostics.HttpQueuePerformanceCounters - Performance counters successfully initialized: instanceName=LoadBalancing_Facebook
2022-07-11 18:08:01,548 [1] INFO  Photon.Common.Authentication.Diagnostic.CustomAuthResultCounters - Performance counters successfully initialized: instanceName=LoadBalancing_Oculus
2022-07-11 18:08:01,659 [1] INFO  Photon.SocketServer.Diagnostics.HttpQueuePerformanceCounters - Performance counters successfully initialized: instanceName=LoadBalancing_Oculus
2022-07-11 18:08:01,773 [1] INFO  Photon.Common.Authentication.Diagnostic.CustomAuthResultCounters - Performance counters successfully initialized: instanceName=LoadBalancing_Steam
2022-07-11 18:08:01,890 [1] INFO  Photon.SocketServer.Diagnostics.HttpQueuePerformanceCounters - Performance counters successfully initialized: instanceName=LoadBalancing_Steam
2022-07-11 18:08:02,008 [1] INFO  Photon.Common.Authentication.Diagnostic.CustomAuthResultCounters - Performance counters successfully initialized: instanceName=LoadBalancing_Viveport
2022-07-11 18:08:02,111 [1] INFO  Photon.SocketServer.Diagnostics.HttpQueuePerformanceCounters - Performance counters successfully initialized: instanceName=LoadBalancing_Viveport
2022-07-11 18:08:02,224 [1] INFO  Photon.SocketServer.ApplicationBase - Application start: AppId=NameServer; AppPath=D:\ANDREA\UNI\MAGISTRALE\ANNO 1\ONLINE GAME DESIGN\Progetto\LetMeRIP\photon-server-sdk_v5-0-12-24499-rc1\deploy\NameServer, Type=Photon.NameServer.PhotonApp 
2022-07-11 18:08:02,224 [1] INFO  Photon.SocketServer.ApplicationBase - Using Server GC:True
2022-07-11 18:08:02,224 [1] INFO  Photon.SocketServer.ApplicationBase - Using GC LatencyMode:Interactive
2022-07-11 18:26:55,860 [1] INFO  Photon.SocketServer.ApplicationBase - Application is stopping: AppId=NameServer
2022-07-11 18:26:55,868 [1] INFO  Photon.SocketServer.ApplicationBase - Application stop: AppId=NameServer
2022-07-11 18:27:08,670 [1] INFO  Photon.NameServer.PhotonApp - Initializing ...
2022-07-11 18:27:08,681 [1] INFO  Photon.NameServer.PhotonApp - ServicePointManager.DefaultConnectionLimit=2147483647
2022-07-11 18:27:08,688 [1] INFO  Photon.NameServer.PhotonApp - TokenCreator initialized with an expiration of 00:30:00
2022-07-11 18:27:09,414 [1] INFO  Photon.Common.Authentication.Diagnostic.CustomAuthResultCounters - Performance counters successfully initialized: instanceName=LoadBalancing_Custom
2022-07-11 18:27:09,519 [1] INFO  Photon.SocketServer.Diagnostics.HttpQueuePerformanceCounters - Performance counters successfully initialized: instanceName=_Total
2022-07-11 18:27:09,627 [1] INFO  Photon.SocketServer.Diagnostics.HttpQueuePerformanceCounters - Performance counters successfully initialized: instanceName=LoadBalancing_Custom
2022-07-11 18:27:09,738 [1] INFO  Photon.Common.Authentication.Diagnostic.CustomAuthResultCounters - Performance counters successfully initialized: instanceName=LoadBalancing_Facebook
2022-07-11 18:27:09,845 [1] INFO  Photon.SocketServer.Diagnostics.HttpQueuePerformanceCounters - Performance counters successfully initialized: instanceName=LoadBalancing_Facebook
2022-07-11 18:27:09,954 [1] INFO  Photon.Common.Authentication.Diagnostic.CustomAuthResultCounters - Performance counters successfully initialized: instanceName=LoadBalancing_Oculus
2022-07-11 18:27:10,066 [1] INFO  Photon.SocketServer.Diagnostics.HttpQueuePerformanceCounters - Performance counters successfully initialized: instanceName=LoadBalancing_Oculus
2022-07-11 18:27:10,177 [1] INFO  Photon.Common.Authentication.Diagnostic.CustomAuthResultCounters - Performance counters successfully initialized: instanceName=LoadBalancing_Steam
2022-07-11 18:27:10,286 [1] INFO  Photon.SocketServer.Diagnostics.HttpQueuePerformanceCounters - Performance counters successfully initialized: instanceName=LoadBalancing_Steam
2022-07-11 18:27:10,396 [1] INFO  Photon.Common.Authentication.Diagnostic.CustomAuthResultCounters - Performance counters successfully initialized: instanceName=LoadBalancing_Viveport
2022-07-11 18:27:10,504 [1] INFO  Photon.SocketServer.Diagnostics.HttpQueuePerformanceCounters - Performance counters successfully initialized: instanceName=LoadBalancing_Viveport
2022-07-11 18:27:10,615 [1] INFO  Photon.SocketServer.ApplicationBase - Application start: AppId=NameServer; AppPath=E:\andrea\UNI\MAGISTRALE\ANNO 1\OGD\Progetto\LetMeRIP\photon-server-sdk_v5-0-12-24499-rc1\deploy\NameServer, Type=Photon.NameServer.PhotonApp 
2022-07-11 18:27:10,615 [1] INFO  Photon.SocketServer.ApplicationBase - Using Server GC:True
2022-07-11 18:27:10,616 [1] INFO  Photon.SocketServer.ApplicationBase - Using GC LatencyMode:Interactive
2022-07-11 18:31:01,355 [6] WARN  Photon.NameServer.PhotonApp - Could not parse NameServer config. No changes are applied to the existing MasterServerDispatcher. Could not initialize Name Server list from configuration: Invalid configuration file E:\andrea\UNI\MAGISTRALE\ANNO 1\OGD\Progetto\LetMeRIP\photon-server-sdk_v5-0-12-24499-rc1\deploy\Nameserver.json. Error: Il processo non può accedere al file 'E:\andrea\UNI\MAGISTRALE\ANNO 1\OGD\Progetto\LetMeRIP\photon-server-sdk_v5-0-12-24499-rc1\deploy\Nameserver.json' perché è in uso da un altro processo.
2022-07-11 18:31:01,356 [4] WARN  Photon.NameServer.PhotonApp - Could not parse NameServer config. No changes are applied to the existing MasterServerDispatcher. Could not initialize Name Server list from configuration: Invalid configuration file E:\andrea\UNI\MAGISTRALE\ANNO 1\OGD\Progetto\LetMeRIP\photon-server-sdk_v5-0-12-24499-rc1\deploy\Nameserver.json. Error: Il processo non può accedere al file 'E:\andrea\UNI\MAGISTRALE\ANNO 1\OGD\Progetto\LetMeRIP\photon-server-sdk_v5-0-12-24499-rc1\deploy\Nameserver.json' perché è in uso da un altro processo.
2022-07-11 18:31:08,787 [1] INFO  Photon.SocketServer.ApplicationBase - Application is stopping: AppId=NameServer
2022-07-11 18:31:08,795 [1] INFO  Photon.SocketServer.ApplicationBase - Application stop: AppId=NameServer
2022-07-11 18:31:22,704 [1] INFO  Photon.NameServer.PhotonApp - Initializing ...
2022-07-11 18:31:22,719 [1] INFO  Photon.NameServer.PhotonApp - ServicePointManager.DefaultConnectionLimit=2147483647
2022-07-11 18:31:22,730 [1] INFO  Photon.NameServer.PhotonApp - TokenCreator initialized with an expiration of 00:30:00
2022-07-11 18:31:23,468 [1] INFO  Photon.Common.Authentication.Diagnostic.CustomAuthResultCounters - Performance counters successfully initialized: instanceName=LoadBalancing_Custom
2022-07-11 18:31:23,570 [1] INFO  Photon.SocketServer.Diagnostics.HttpQueuePerformanceCounters - Performance counters successfully initialized: instanceName=_Total
2022-07-11 18:31:23,678 [1] INFO  Photon.SocketServer.Diagnostics.HttpQueuePerformanceCounters - Performance counters successfully initialized: instanceName=LoadBalancing_Custom
2022-07-11 18:31:23,789 [1] INFO  Photon.Common.Authentication.Diagnostic.CustomAuthResultCounters - Performance counters successfully initialized: instanceName=LoadBalancing_Facebook
2022-07-11 18:31:23,896 [1] INFO  Photon.SocketServer.Diagnostics.HttpQueuePerformanceCounters - Performance counters successfully initialized: instanceName=LoadBalancing_Facebook
2022-07-11 18:31:24,007 [1] INFO  Photon.Common.Authentication.Diagnostic.CustomAuthResultCounters - Performance counters successfully initialized: instanceName=LoadBalancing_Oculus
2022-07-11 18:31:24,117 [1] INFO  Photon.SocketServer.Diagnostics.HttpQueuePerformanceCounters - Performance counters successfully initialized: instanceName=LoadBalancing_Oculus
2022-07-11 18:31:24,224 [1] INFO  Photon.Common.Authentication.Diagnostic.CustomAuthResultCounters - Performance counters successfully initialized: instanceName=LoadBalancing_Steam
2022-07-11 18:31:24,332 [1] INFO  Photon.SocketServer.Diagnostics.HttpQueuePerformanceCounters - Performance counters successfully initialized: instanceName=LoadBalancing_Steam
2022-07-11 18:31:24,442 [1] INFO  Photon.Common.Authentication.Diagnostic.CustomAuthResultCounters - Performance counters successfully initialized: instanceName=LoadBalancing_Viveport
2022-07-11 18:31:24,550 [1] INFO  Photon.SocketServer.Diagnostics.HttpQueuePerformanceCounters - Performance counters successfully initialized: instanceName=LoadBalancing_Viveport
2022-07-11 18:31:24,658 [1] INFO  Photon.SocketServer.ApplicationBase - Application start: AppId=NameServer; AppPath=E:\andrea\UNI\MAGISTRALE\ANNO 1\OGD\Progetto\LetMeRIP\photon-server-sdk_v5-0-12-24499-rc1\deploy\NameServer, Type=Photon.NameServer.PhotonApp 
2022-07-11 18:31:24,658 [1] INFO  Photon.SocketServer.ApplicationBase - Using Server GC:True
2022-07-11 18:31:24,658 [1] INFO  Photon.SocketServer.ApplicationBase - Using GC LatencyMode:Interactive
